Assembler report for adjusted_filter
Mon May 03 14:49:33 2021
Quartus Prime Version 17.0.0 Build 595 04/25/2017 SJ Standard Edition


---------------------
; Table of Contents ;
---------------------
  1. Legal Notice
  2. Assembler Summary
  3. Assembler Settings
  4. Assembler Encrypted IP Cores Summary
  5. Assembler Generated Files
  6. Assembler Device Options: F:/intelFPGA/17.0/project/Adjusted_filter/0501_adjfilter_modelsim/output_files/adjusted_filter.sof
  7. Assembler Device Options: F:/intelFPGA/17.0/project/Adjusted_filter/0501_adjfilter_modelsim/output_files/adjusted_filter.pof
  8. Assembler Messages



----------------
; Legal Notice ;
----------------
Copyright (C) 2017  Intel Corporation. All rights reserved.
Your use of Intel Corporation's design tools, logic functions 
and other software and tools, and its AMPP partner logic 
functions, and any output files from any of the foregoing 
(including device programming or simulation files), and any 
associated documentation or information are expressly subject 
to the terms and conditions of the Intel Program License 
Subscription Agreement, the Intel Quartus Prime License Agreement,
the Intel MegaCore Function License Agreement, or other 
applicable license agreement, including, without limitation, 
that your use is for the sole purpose of programming logic 
devices manufactured by Intel and sold by Intel or its 
authorized distributors.  Please refer to the applicable 
agreement for further details.



+---------------------------------------------------------------+
; Assembler Summary                                             ;
+-----------------------+---------------------------------------+
; Assembler Status      ; Successful - Mon May 03 14:49:33 2021 ;
; Revision Name         ; adjusted_filter                       ;
; Top-level Entity Name ; adjusted_filter                       ;
; Family                ; Cyclone IV E                          ;
; Device                ; EP4CE40F23C8                          ;
+-----------------------+---------------------------------------+


+----------------------------------+
; Assembler Settings               ;
+--------+---------+---------------+
; Option ; Setting ; Default Value ;
+--------+---------+---------------+


+------------------------------------------------+
; Assembler Encrypted IP Cores Summary           ;
+--------+------------------------+--------------+
; Vendor ; IP Core Name           ; License Type ;
+--------+------------------------+--------------+
; Altera ; Signal Tap (6AF7 BCE1) ; Licensed     ;
; Altera ; Signal Tap (6AF7 BCEC) ; Licensed     ;
+--------+------------------------+--------------+


+----------------------------------------------------------------------------------------------------+
; Assembler Generated Files                                                                          ;
+----------------------------------------------------------------------------------------------------+
; File Name                                                                                          ;
+----------------------------------------------------------------------------------------------------+
; F:/intelFPGA/17.0/project/Adjusted_filter/0501_adjfilter_modelsim/output_files/adjusted_filter.sof ;
; F:/intelFPGA/17.0/project/Adjusted_filter/0501_adjfilter_modelsim/output_files/adjusted_filter.pof ;
+----------------------------------------------------------------------------------------------------+


+------------------------------------------------------------------------------------------------------------------------------+
; Assembler Device Options: F:/intelFPGA/17.0/project/Adjusted_filter/0501_adjfilter_modelsim/output_files/adjusted_filter.sof ;
+----------------+-------------------------------------------------------------------------------------------------------------+
; Option         ; Setting                                                                                                     ;
+----------------+-------------------------------------------------------------------------------------------------------------+
; JTAG usercode  ; 0x00CD820D                                                                                                  ;
; Checksum       ; 0x00CD820D                                                                                                  ;
+----------------+-------------------------------------------------------------------------------------------------------------+


+------------------------------------------------------------------------------------------------------------------------------+
; Assembler Device Options: F:/intelFPGA/17.0/project/Adjusted_filter/0501_adjfilter_modelsim/output_files/adjusted_filter.pof ;
+--------------------+---------------------------------------------------------------------------------------------------------+
; Option             ; Setting                                                                                                 ;
+--------------------+---------------------------------------------------------------------------------------------------------+
; JTAG usercode      ; 0x00000000                                                                                              ;
; Checksum           ; 0x1A094357                                                                                              ;
; Compression Ratio  ; 2                                                                                                       ;
+--------------------+---------------------------------------------------------------------------------------------------------+


+--------------------+
; Assembler Messages ;
+--------------------+
Info: *******************************************************************
Info: Running Quartus Prime Assembler
    Info: Version 17.0.0 Build 595 04/25/2017 SJ Standard Edition
    Info: Processing started: Mon May 03 14:49:21 2021
Info: Command: quartus_asm --read_settings_files=off --write_settings_files=off adjusted_filter -c adjusted_filter
Warning (125092): Tcl Script File nios2/synthesis/nios2.qip not found
    Info (125063): set_global_assignment -name QIP_FILE nios2/synthesis/nios2.qip
Warning (18236): Number of processors has not been specified which may cause overloading on shared machines.  Set the global assignment NUM_PARALLEL_PROCESSORS in your QSF to an appropriate value for best performance.
Info (115031): Writing out detailed assembly data for power analysis
Info (115030): Assembler is generating device programming files
Info: Quartus Prime Assembler was successful. 0 errors, 2 warnings
    Info: Peak virtual memory: 4750 megabytes
    Info: Processing ended: Mon May 03 14:49:34 2021
    Info: Elapsed time: 00:00:13
    Info: Total CPU time (on all processors): 00:00:10


