EDA Netlist Writer report for adjusted_filter
Mon May 03 14:51:13 2021
Quartus Prime Version 17.0.0 Build 595 04/25/2017 SJ Standard Edition


---------------------
; Table of Contents ;
---------------------
  1. Legal Notice
  2. EDA Netlist Writer Summary
  3. Simulation Settings
  4. Simulation Generated Files
  5. EDA Netlist Writer Messages



----------------
; Legal Notice ;
----------------
Copyright (C) 2017  Intel Corporation. All rights reserved.
Your use of Intel Corporation's design tools, logic functions 
and other software and tools, and its AMPP partner logic 
functions, and any output files from any of the foregoing 
(including device programming or simulation files), and any 
associated documentation or information are expressly subject 
to the terms and conditions of the Intel Program License 
Subscription Agreement, the Intel Quartus Prime License Agreement,
the Intel MegaCore Function License Agreement, or other 
applicable license agreement, including, without limitation, 
that your use is for the sole purpose of programming logic 
devices manufactured by Intel and sold by Intel or its 
authorized distributors.  Please refer to the applicable 
agreement for further details.



+-------------------------------------------------------------------+
; EDA Netlist Writer Summary                                        ;
+---------------------------+---------------------------------------+
; EDA Netlist Writer Status ; Successful - Mon May 03 14:51:13 2021 ;
; Revision Name             ; adjusted_filter                       ;
; Top-level Entity Name     ; adjusted_filter                       ;
; Family                    ; Cyclone IV E                          ;
; Simulation Files Creation ; Successful                            ;
+---------------------------+---------------------------------------+


+-------------------------------------------------------------------------------------------------------------------------------+
; Simulation Settings                                                                                                           ;
+---------------------------------------------------------------------------------------------------+---------------------------+
; Option                                                                                            ; Setting                   ;
+---------------------------------------------------------------------------------------------------+---------------------------+
; Tool Name                                                                                         ; ModelSim-Altera (Verilog) ;
; Generate functional simulation netlist                                                            ; Off                       ;
; Time scale                                                                                        ; 1 ps                      ;
; Truncate long hierarchy paths                                                                     ; Off                       ;
; Map illegal HDL characters                                                                        ; Off                       ;
; Flatten buses into individual nodes                                                               ; Off                       ;
; Maintain hierarchy                                                                                ; Off                       ;
; Bring out device-wide set/reset signals as ports                                                  ; Off                       ;
; Enable glitch filtering                                                                           ; Off                       ;
; Do not write top level VHDL entity                                                                ; Off                       ;
; Disable detection of setup and hold time violations in the input registers of bi-directional pins ; Off                       ;
; Architecture name in VHDL output netlist                                                          ; structure                 ;
; Generate third-party EDA tool command script for RTL functional simulation                        ; Off                       ;
; Generate third-party EDA tool command script for gate-level simulation                            ; Off                       ;
+---------------------------------------------------------------------------------------------------+---------------------------+


+--------------------------------------------------------------------------------------------------------------------------------+
; Simulation Generated Files                                                                                                     ;
+--------------------------------------------------------------------------------------------------------------------------------+
; Generated Files                                                                                                                ;
+--------------------------------------------------------------------------------------------------------------------------------+
; F:/intelFPGA/17.0/project/Adjusted_filter/0501_adjfilter_modelsim/simulation/modelsim/adjusted_filter_8_1200mv_85c_slow.vo     ;
; F:/intelFPGA/17.0/project/Adjusted_filter/0501_adjfilter_modelsim/simulation/modelsim/adjusted_filter_8_1200mv_0c_slow.vo      ;
; F:/intelFPGA/17.0/project/Adjusted_filter/0501_adjfilter_modelsim/simulation/modelsim/adjusted_filter_min_1200mv_0c_fast.vo    ;
; F:/intelFPGA/17.0/project/Adjusted_filter/0501_adjfilter_modelsim/simulation/modelsim/adjusted_filter.vo                       ;
; F:/intelFPGA/17.0/project/Adjusted_filter/0501_adjfilter_modelsim/simulation/modelsim/adjusted_filter_8_1200mv_85c_v_slow.sdo  ;
; F:/intelFPGA/17.0/project/Adjusted_filter/0501_adjfilter_modelsim/simulation/modelsim/adjusted_filter_8_1200mv_0c_v_slow.sdo   ;
; F:/intelFPGA/17.0/project/Adjusted_filter/0501_adjfilter_modelsim/simulation/modelsim/adjusted_filter_min_1200mv_0c_v_fast.sdo ;
; F:/intelFPGA/17.0/project/Adjusted_filter/0501_adjfilter_modelsim/simulation/modelsim/adjusted_filter_v.sdo                    ;
+--------------------------------------------------------------------------------------------------------------------------------+


+-----------------------------+
; EDA Netlist Writer Messages ;
+-----------------------------+
Info: *******************************************************************
Info: Running Quartus Prime EDA Netlist Writer
    Info: Version 17.0.0 Build 595 04/25/2017 SJ Standard Edition
    Info: Processing started: Mon May 03 14:50:17 2021
Info: Command: quartus_eda --read_settings_files=off --write_settings_files=off adjusted_filter -c adjusted_filter
Warning (125092): Tcl Script File nios2/synthesis/nios2.qip not found
    Info (125063): set_global_assignment -name QIP_FILE nios2/synthesis/nios2.qip
Warning (18236): Number of processors has not been specified which may cause overloading on shared machines.  Set the global assignment NUM_PARALLEL_PROCESSORS in your QSF to an appropriate value for best performance.
Info (204019): Generated file adjusted_filter_8_1200mv_85c_slow.vo in folder "F:/intelFPGA/17.0/project/Adjusted_filter/0501_adjfilter_modelsim/simulation/modelsim/" for EDA simulation tool
Info (204019): Generated file adjusted_filter_8_1200mv_0c_slow.vo in folder "F:/intelFPGA/17.0/project/Adjusted_filter/0501_adjfilter_modelsim/simulation/modelsim/" for EDA simulation tool
Info (204019): Generated file adjusted_filter_min_1200mv_0c_fast.vo in folder "F:/intelFPGA/17.0/project/Adjusted_filter/0501_adjfilter_modelsim/simulation/modelsim/" for EDA simulation tool
Info (204019): Generated file adjusted_filter.vo in folder "F:/intelFPGA/17.0/project/Adjusted_filter/0501_adjfilter_modelsim/simulation/modelsim/" for EDA simulation tool
Info (204019): Generated file adjusted_filter_8_1200mv_85c_v_slow.sdo in folder "F:/intelFPGA/17.0/project/Adjusted_filter/0501_adjfilter_modelsim/simulation/modelsim/" for EDA simulation tool
Info (204019): Generated file adjusted_filter_8_1200mv_0c_v_slow.sdo in folder "F:/intelFPGA/17.0/project/Adjusted_filter/0501_adjfilter_modelsim/simulation/modelsim/" for EDA simulation tool
Info (204019): Generated file adjusted_filter_min_1200mv_0c_v_fast.sdo in folder "F:/intelFPGA/17.0/project/Adjusted_filter/0501_adjfilter_modelsim/simulation/modelsim/" for EDA simulation tool
Info (204019): Generated file adjusted_filter_v.sdo in folder "F:/intelFPGA/17.0/project/Adjusted_filter/0501_adjfilter_modelsim/simulation/modelsim/" for EDA simulation tool
Info: Quartus Prime EDA Netlist Writer was successful. 0 errors, 2 warnings
    Info: Peak virtual memory: 4815 megabytes
    Info: Processing ended: Mon May 03 14:51:13 2021
    Info: Elapsed time: 00:00:56
    Info: Total CPU time (on all processors): 00:00:50


